<?xml version="1.0" encoding="UTF-8"?>
<!-- Generated by org.testng.reporters.JUnitXMLReporter -->
<testsuite hostname="Mihails-MacBook-Pro.local" ignored="0" name="/Users/mihailhariton/IdeaProjects/testng_third_project" tests="6" failures="0" timestamp="2023-02-05T15:58:41 CST" time="223.372" errors="0">
  <testcase name="validateTitleAndURL" time="1.527" classname="scripts.CarvanaBasePageTest"/>
  <testcase name="validateLogo" time="1.374" classname="scripts.CarvanaBasePageTest"/>
  <testcase name="validateMainNavItems" time="30.444" classname="scripts.CarvanaBasePageTest"/>
  <testcase name="validateSignInErrorMessage" time="8.461" classname="scripts.CarvanaBasePageTest"/>
  <testcase name="validateSearchFilterOptionsAndSearchButton" time="17.476" classname="scripts.CarvanaBasePageTest"/>
  <testcase name="validateSearchResultsTiles" time="32.176" classname="scripts.CarvanaBasePageTest"/>
</testsuite> <!-- /Users/mihailhariton/IdeaProjects/testng_third_project -->
