<?xml version="1.0" encoding="UTF-8"?>
<testng-results skipped="0" failed="1" ignored="0" total="6" passed="5">
  <reporter-output>
  </reporter-output>
  <suite name="Regression" duration-ms="231819" started-at="2023-02-04T09:53:02 CST" finished-at="2023-02-04T09:56:53 CST">
    <groups>
    </groups>
    <test name="/Users/mihailhariton/IdeaProjects/testng_third_project/src/test/java" duration-ms="231819" started-at="2023-02-04T09:53:02 CST" finished-at="2023-02-04T09:56:53 CST">
      <class name="scripts.CarvanaBasePageTest">
        <test-method status="PASS" signature="setup()[pri:0, instance:scripts.CarvanaBasePageTest@5e3a8624]" name="setup" is-config="true" duration-ms="15878" started-at="2023-02-04T09:53:02 CST" finished-at="2023-02-04T09:53:17 CST">
          <reporter-output>
          </reporter-output>
        </test-method> <!-- setup -->
        <test-method status="PASS" signature="setPage()[pri:0, instance:scripts.CarvanaBasePageTest@5e3a8624]" name="setPage" is-config="true" duration-ms="2" started-at="2023-02-04T09:53:17 CST" finished-at="2023-02-04T09:53:17 CST">
          <reporter-output>
          </reporter-output>
        </test-method> <!-- setPage -->
        <test-method status="PASS" signature="validateTitleAndURL()[pri:1, instance:scripts.CarvanaBasePageTest@5e3a8624]" name="validateTitleAndURL" duration-ms="10270" started-at="2023-02-04T09:53:17 CST" description="Validate Carvana home page title and url" finished-at="2023-02-04T09:53:28 CST">
          <reporter-output>
          </reporter-output>
        </test-method> <!-- validateTitleAndURL -->
        <test-method status="PASS" signature="teardown()[pri:0, instance:scripts.CarvanaBasePageTest@5e3a8624]" name="teardown" is-config="true" duration-ms="403" started-at="2023-02-04T09:53:28 CST" finished-at="2023-02-04T09:53:28 CST">
          <reporter-output>
          </reporter-output>
        </test-method> <!-- teardown -->
        <test-method status="PASS" signature="setup()[pri:0, instance:scripts.CarvanaBasePageTest@5e3a8624]" name="setup" is-config="true" duration-ms="14567" started-at="2023-02-04T09:53:28 CST" finished-at="2023-02-04T09:53:43 CST">
          <reporter-output>
          </reporter-output>
        </test-method> <!-- setup -->
        <test-method status="PASS" signature="setPage()[pri:0, instance:scripts.CarvanaBasePageTest@5e3a8624]" name="setPage" is-config="true" duration-ms="2" started-at="2023-02-04T09:53:43 CST" finished-at="2023-02-04T09:53:43 CST">
          <reporter-output>
          </reporter-output>
        </test-method> <!-- setPage -->
        <test-method status="FAIL" signature="validateLogo()[pri:2, instance:scripts.CarvanaBasePageTest@5e3a8624]" name="validateLogo" duration-ms="10791" started-at="2023-02-04T09:53:43 CST" description="Validate the Carvana logo" finished-at="2023-02-04T09:53:53 CST">
          <exception class="org.openqa.selenium.StaleElementReferenceException">
            <message>
              <![CDATA[stale element reference: element is not attached to the page document
  (Session info: chrome=109.0.5414.119)
For documentation on this error, please visit: https://www.seleniumhq.org/exceptions/stale_element_reference.html
Build info: version: '3.141.59', revision: 'e82be7d358', time: '2018-11-14T08:17:03'
System info: host: 'Mihails-MacBook-Pro.local', ip: 'fe80:0:0:0:88d:aa67:690f:b837%en0', os.name: 'Mac OS X', os.arch: 'x86_64', os.version: '13.1', java.version: '1.8.0_341'
Driver info: org.openqa.selenium.chrome.ChromeDriver
Capabilities {acceptInsecureCerts: false, browserName: chrome, browserVersion: 109.0.5414.119, chrome: {chromedriverVersion: 109.0.5414.74 (e7c5703604da..., userDataDir: /var/folders/34/w8_bwfhx3m5...}, goog:chromeOptions: {debuggerAddress: localhost:49587}, javascriptEnabled: true, networkConnectionEnabled: false, pageLoadStrategy: normal, platform: MAC, platformName: MAC, proxy: Proxy(), setWindowRect: true, strictFileInteractability: false, timeouts: {implicit: 0, pageLoad: 300000, script: 30000}, unhandledPromptBehavior: dismiss and notify, webauthn:extension:credBlob: true, webauthn:extension:largeBlob: true, webauthn:virtualAuthenticators: true}
Session ID: 18e94ddc71ff45180f88a0552ca5cfb4]]>
            </message>
            <full-stacktrace>
              <![CDATA[org.openqa.selenium.StaleElementReferenceException: stale element reference: element is not attached to the page document
  (Session info: chrome=109.0.5414.119)
For documentation on this error, please visit: https://www.seleniumhq.org/exceptions/stale_element_reference.html
Build info: version: '3.141.59', revision: 'e82be7d358', time: '2018-11-14T08:17:03'
System info: host: 'Mihails-MacBook-Pro.local', ip: 'fe80:0:0:0:88d:aa67:690f:b837%en0', os.name: 'Mac OS X', os.arch: 'x86_64', os.version: '13.1', java.version: '1.8.0_341'
Driver info: org.openqa.selenium.chrome.ChromeDriver
Capabilities {acceptInsecureCerts: false, browserName: chrome, browserVersion: 109.0.5414.119, chrome: {chromedriverVersion: 109.0.5414.74 (e7c5703604da..., userDataDir: /var/folders/34/w8_bwfhx3m5...}, goog:chromeOptions: {debuggerAddress: localhost:49587}, javascriptEnabled: true, networkConnectionEnabled: false, pageLoadStrategy: normal, platform: MAC, platformName: MAC, proxy: Proxy(), setWindowRect: true, strictFileInteractability: false, timeouts: {implicit: 0, pageLoad: 300000, script: 30000}, unhandledPromptBehavior: dismiss and notify, webauthn:extension:credBlob: true, webauthn:extension:largeBlob: true, webauthn:virtualAuthenticators: true}
Session ID: 18e94ddc71ff45180f88a0552ca5cfb4
at sun.reflect.NativeConstructorAccessorImpl.newInstance0(Native Method)
at sun.reflect.NativeConstructorAccessorImpl.newInstance(NativeConstructorAccessorImpl.java:62)
at sun.reflect.DelegatingConstructorAccessorImpl.newInstance(DelegatingConstructorAccessorImpl.java:45)
at java.lang.reflect.Constructor.newInstance(Constructor.java:423)
at org.openqa.selenium.remote.http.W3CHttpResponseCodec.createException(W3CHttpResponseCodec.java:187)
at org.openqa.selenium.remote.http.W3CHttpResponseCodec.decode(W3CHttpResponseCodec.java:122)
at org.openqa.selenium.remote.http.W3CHttpResponseCodec.decode(W3CHttpResponseCodec.java:49)
at org.openqa.selenium.remote.HttpCommandExecutor.execute(HttpCommandExecutor.java:158)
at org.openqa.selenium.remote.service.DriverCommandExecutor.execute(DriverCommandExecutor.java:83)
at org.openqa.selenium.remote.RemoteWebDriver.execute(RemoteWebDriver.java:552)
at org.openqa.selenium.remote.RemoteWebElement.execute(RemoteWebElement.java:285)
at org.openqa.selenium.remote.RemoteWebElement.isDisplayed(RemoteWebElement.java:326)
at sun.reflect.NativeMethodAccessorImpl.invoke0(Native Method)
at sun.reflect.NativeMethodAccessorImpl.invoke(NativeMethodAccessorImpl.java:62)
at sun.reflect.DelegatingMethodAccessorImpl.invoke(DelegatingMethodAccessorImpl.java:43)
at java.lang.reflect.Method.invoke(Method.java:498)
at org.openqa.selenium.support.pagefactory.internal.LocatingElementHandler.invoke(LocatingElementHandler.java:51)
at com.sun.proxy.$Proxy8.isDisplayed(Unknown Source)
at org.openqa.selenium.support.ui.ExpectedConditions.elementIfVisible(ExpectedConditions.java:314)
at org.openqa.selenium.support.ui.ExpectedConditions.access$000(ExpectedConditions.java:43)
at org.openqa.selenium.support.ui.ExpectedConditions$10.apply(ExpectedConditions.java:300)
at org.openqa.selenium.support.ui.ExpectedConditions$10.apply(ExpectedConditions.java:297)
at org.openqa.selenium.support.ui.FluentWait.until(FluentWait.java:249)
at utilities.Waiter.waitForVisibilityOfElement(Waiter.java:17)
at scripts.CarvanaBasePageTest.validateLogo(CarvanaBasePageTest.java:42)
at sun.reflect.NativeMethodAccessorImpl.invoke0(Native Method)
at sun.reflect.NativeMethodAccessorImpl.invoke(NativeMethodAccessorImpl.java:62)
at sun.reflect.DelegatingMethodAccessorImpl.invoke(DelegatingMethodAccessorImpl.java:43)
at java.lang.reflect.Method.invoke(Method.java:498)
at org.testng.internal.MethodInvocationHelper.invokeMethod(MethodInvocationHelper.java:134)
at org.testng.internal.TestInvoker.invokeMethod(TestInvoker.java:597)
at org.testng.internal.TestInvoker.invokeTestMethod(TestInvoker.java:173)
at org.testng.internal.MethodRunner.runInSequence(MethodRunner.java:46)
at org.testng.internal.TestInvoker$MethodInvocationAgent.invoke(TestInvoker.java:816)
at org.testng.internal.TestInvoker.invokeTestMethods(TestInvoker.java:146)
at org.testng.internal.TestMethodWorker.invokeTestMethods(TestMethodWorker.java:146)
at org.testng.internal.TestMethodWorker.run(TestMethodWorker.java:128)
at java.util.ArrayList.forEach(ArrayList.java:1259)
at org.testng.TestRunner.privateRun(TestRunner.java:766)
at org.testng.TestRunner.run(TestRunner.java:587)
at org.testng.SuiteRunner.runTest(SuiteRunner.java:384)
at org.testng.SuiteRunner.runSequentially(SuiteRunner.java:378)
at org.testng.SuiteRunner.privateRun(SuiteRunner.java:337)
at org.testng.SuiteRunner.run(SuiteRunner.java:286)
at org.testng.SuiteRunnerWorker.runSuite(SuiteRunnerWorker.java:53)
at org.testng.SuiteRunnerWorker.run(SuiteRunnerWorker.java:96)
at org.testng.TestNG.runSuitesSequentially(TestNG.java:1187)
at org.testng.TestNG.runSuitesLocally(TestNG.java:1109)
at org.testng.TestNG.runSuites(TestNG.java:1039)
at org.testng.TestNG.run(TestNG.java:1007)
at org.apache.maven.surefire.testng.TestNGExecutor.run(TestNGExecutor.java:281)
at org.apache.maven.surefire.testng.TestNGXmlTestSuite.execute(TestNGXmlTestSuite.java:75)
at org.apache.maven.surefire.testng.TestNGProvider.invoke(TestNGProvider.java:121)
at org.apache.maven.surefire.booter.ForkedBooter.invokeProviderInSameClassLoader(ForkedBooter.java:290)
at org.apache.maven.surefire.booter.ForkedBooter.runSuitesInProcess(ForkedBooter.java:242)
at org.apache.maven.surefire.booter.ForkedBooter.main(ForkedBooter.java:121)
]]>
            </full-stacktrace>
          </exception> <!-- org.openqa.selenium.StaleElementReferenceException -->
          <reporter-output>
          </reporter-output>
        </test-method> <!-- validateLogo -->
        <test-method status="PASS" signature="teardown()[pri:0, instance:scripts.CarvanaBasePageTest@5e3a8624]" name="teardown" is-config="true" duration-ms="521" started-at="2023-02-04T09:53:54 CST" finished-at="2023-02-04T09:53:54 CST">
          <reporter-output>
          </reporter-output>
        </test-method> <!-- teardown -->
        <test-method status="PASS" signature="setup()[pri:0, instance:scripts.CarvanaBasePageTest@5e3a8624]" name="setup" is-config="true" duration-ms="15408" started-at="2023-02-04T09:53:54 CST" finished-at="2023-02-04T09:54:09 CST">
          <reporter-output>
          </reporter-output>
        </test-method> <!-- setup -->
        <test-method status="PASS" signature="setPage()[pri:0, instance:scripts.CarvanaBasePageTest@5e3a8624]" name="setPage" is-config="true" duration-ms="4" started-at="2023-02-04T09:54:09 CST" finished-at="2023-02-04T09:54:09 CST">
          <reporter-output>
          </reporter-output>
        </test-method> <!-- setPage -->
        <test-method status="PASS" signature="validateMainNavItems()[pri:3, instance:scripts.CarvanaBasePageTest@5e3a8624]" name="validateMainNavItems" duration-ms="30535" started-at="2023-02-04T09:54:09 CST" description="Validate the main navigation section items" finished-at="2023-02-04T09:54:40 CST">
          <reporter-output>
          </reporter-output>
        </test-method> <!-- validateMainNavItems -->
        <test-method status="PASS" signature="teardown()[pri:0, instance:scripts.CarvanaBasePageTest@5e3a8624]" name="teardown" is-config="true" duration-ms="148" started-at="2023-02-04T09:54:40 CST" finished-at="2023-02-04T09:54:40 CST">
          <reporter-output>
          </reporter-output>
        </test-method> <!-- teardown -->
        <test-method status="PASS" signature="setup()[pri:0, instance:scripts.CarvanaBasePageTest@5e3a8624]" name="setup" is-config="true" duration-ms="24555" started-at="2023-02-04T09:54:40 CST" finished-at="2023-02-04T09:55:05 CST">
          <reporter-output>
          </reporter-output>
        </test-method> <!-- setup -->
        <test-method status="PASS" signature="setPage()[pri:0, instance:scripts.CarvanaBasePageTest@5e3a8624]" name="setPage" is-config="true" duration-ms="7" started-at="2023-02-04T09:55:05 CST" finished-at="2023-02-04T09:55:05 CST">
          <reporter-output>
          </reporter-output>
        </test-method> <!-- setPage -->
        <test-method status="PASS" signature="validateSignInErrorMessage()[pri:4, instance:scripts.CarvanaBasePageTest@5e3a8624]" name="validateSignInErrorMessage" duration-ms="9356" started-at="2023-02-04T09:55:05 CST" description="Validate the sign in error message" finished-at="2023-02-04T09:55:14 CST">
          <reporter-output>
          </reporter-output>
        </test-method> <!-- validateSignInErrorMessage -->
        <test-method status="PASS" signature="teardown()[pri:0, instance:scripts.CarvanaBasePageTest@5e3a8624]" name="teardown" is-config="true" duration-ms="156" started-at="2023-02-04T09:55:14 CST" finished-at="2023-02-04T09:55:14 CST">
          <reporter-output>
          </reporter-output>
        </test-method> <!-- teardown -->
        <test-method status="PASS" signature="setup()[pri:0, instance:scripts.CarvanaBasePageTest@5e3a8624]" name="setup" is-config="true" duration-ms="22795" started-at="2023-02-04T09:55:14 CST" finished-at="2023-02-04T09:55:37 CST">
          <reporter-output>
          </reporter-output>
        </test-method> <!-- setup -->
        <test-method status="PASS" signature="setPage()[pri:0, instance:scripts.CarvanaBasePageTest@5e3a8624]" name="setPage" is-config="true" duration-ms="6" started-at="2023-02-04T09:55:37 CST" finished-at="2023-02-04T09:55:37 CST">
          <reporter-output>
          </reporter-output>
        </test-method> <!-- setPage -->
        <test-method status="PASS" signature="validateSearchFilterOptionsAndSearchButton()[pri:5, instance:scripts.CarvanaBasePageTest@5e3a8624]" name="validateSearchFilterOptionsAndSearchButton" duration-ms="14446" started-at="2023-02-04T09:55:37 CST" description="Validate the search filter options and search button" finished-at="2023-02-04T09:55:51 CST">
          <reporter-output>
          </reporter-output>
        </test-method> <!-- validateSearchFilterOptionsAndSearchButton -->
        <test-method status="PASS" signature="teardown()[pri:0, instance:scripts.CarvanaBasePageTest@5e3a8624]" name="teardown" is-config="true" duration-ms="159" started-at="2023-02-04T09:55:51 CST" finished-at="2023-02-04T09:55:52 CST">
          <reporter-output>
          </reporter-output>
        </test-method> <!-- teardown -->
        <test-method status="PASS" signature="setup()[pri:0, instance:scripts.CarvanaBasePageTest@5e3a8624]" name="setup" is-config="true" duration-ms="24034" started-at="2023-02-04T09:55:52 CST" finished-at="2023-02-04T09:56:16 CST">
          <reporter-output>
          </reporter-output>
        </test-method> <!-- setup -->
        <test-method status="PASS" signature="setPage()[pri:0, instance:scripts.CarvanaBasePageTest@5e3a8624]" name="setPage" is-config="true" duration-ms="6" started-at="2023-02-04T09:56:16 CST" finished-at="2023-02-04T09:56:16 CST">
          <reporter-output>
          </reporter-output>
        </test-method> <!-- setPage -->
        <test-method status="PASS" signature="validateSearchResultsTiles()[pri:6, instance:scripts.CarvanaBasePageTest@5e3a8624]" name="validateSearchResultsTiles" duration-ms="37459" started-at="2023-02-04T09:56:16 CST" description="Validate the search result tiles" finished-at="2023-02-04T09:56:53 CST">
          <reporter-output>
          </reporter-output>
        </test-method> <!-- validateSearchResultsTiles -->
        <test-method status="PASS" signature="teardown()[pri:0, instance:scripts.CarvanaBasePageTest@5e3a8624]" name="teardown" is-config="true" duration-ms="193" started-at="2023-02-04T09:56:53 CST" finished-at="2023-02-04T09:56:53 CST">
          <reporter-output>
          </reporter-output>
        </test-method> <!-- teardown -->
      </class> <!-- scripts.CarvanaBasePageTest -->
    </test> <!-- /Users/mihailhariton/IdeaProjects/testng_third_project/src/test/java -->
  </suite> <!-- Regression -->
</testng-results>
