<?xml version="1.0" encoding="UTF-8"?>
<testng-results skipped="0" failed="0" ignored="0" total="6" passed="6">
  <reporter-output>
  </reporter-output>
  <suite name="Regression" duration-ms="223372" started-at="2023-02-05T15:54:57 CST" finished-at="2023-02-05T15:58:40 CST">
    <groups>
    </groups>
    <test name="/Users/mihailhariton/IdeaProjects/testng_third_project" duration-ms="223372" started-at="2023-02-05T15:54:57 CST" finished-at="2023-02-05T15:58:40 CST">
      <class name="scripts.CarvanaBasePageTest">
        <test-method status="PASS" signature="setup()[pri:0, instance:scripts.CarvanaBasePageTest@5e3a8624]" name="setup" is-config="true" duration-ms="23885" started-at="2023-02-05T15:54:57 CST" finished-at="2023-02-05T15:55:21 CST">
          <reporter-output>
          </reporter-output>
        </test-method> <!-- setup -->
        <test-method status="PASS" signature="setPage()[pri:0, instance:scripts.CarvanaBasePageTest@5e3a8624]" name="setPage" is-config="true" duration-ms="3" started-at="2023-02-05T15:55:21 CST" finished-at="2023-02-05T15:55:21 CST">
          <reporter-output>
          </reporter-output>
        </test-method> <!-- setPage -->
        <test-method status="PASS" signature="validateTitleAndURL()[pri:1, instance:scripts.CarvanaBasePageTest@5e3a8624]" name="validateTitleAndURL" duration-ms="1527" started-at="2023-02-05T15:55:21 CST" description="Validate Carvana home page title and url" finished-at="2023-02-05T15:55:23 CST">
          <reporter-output>
          </reporter-output>
        </test-method> <!-- validateTitleAndURL -->
        <test-method status="PASS" signature="teardown()[pri:0, instance:scripts.CarvanaBasePageTest@5e3a8624]" name="teardown" is-config="true" duration-ms="225" started-at="2023-02-05T15:55:23 CST" finished-at="2023-02-05T15:55:23 CST">
          <reporter-output>
          </reporter-output>
        </test-method> <!-- teardown -->
        <test-method status="PASS" signature="setup()[pri:0, instance:scripts.CarvanaBasePageTest@5e3a8624]" name="setup" is-config="true" duration-ms="23672" started-at="2023-02-05T15:55:23 CST" finished-at="2023-02-05T15:55:46 CST">
          <reporter-output>
          </reporter-output>
        </test-method> <!-- setup -->
        <test-method status="PASS" signature="setPage()[pri:0, instance:scripts.CarvanaBasePageTest@5e3a8624]" name="setPage" is-config="true" duration-ms="2" started-at="2023-02-05T15:55:46 CST" finished-at="2023-02-05T15:55:46 CST">
          <reporter-output>
          </reporter-output>
        </test-method> <!-- setPage -->
        <test-method status="PASS" signature="validateLogo()[pri:2, instance:scripts.CarvanaBasePageTest@5e3a8624]" name="validateLogo" duration-ms="1374" started-at="2023-02-05T15:55:46 CST" description="Validate the Carvana logo" finished-at="2023-02-05T15:55:48 CST">
          <reporter-output>
          </reporter-output>
        </test-method> <!-- validateLogo -->
        <test-method status="PASS" signature="teardown()[pri:0, instance:scripts.CarvanaBasePageTest@5e3a8624]" name="teardown" is-config="true" duration-ms="198" started-at="2023-02-05T15:55:48 CST" finished-at="2023-02-05T15:55:48 CST">
          <reporter-output>
          </reporter-output>
        </test-method> <!-- teardown -->
        <test-method status="PASS" signature="setup()[pri:0, instance:scripts.CarvanaBasePageTest@5e3a8624]" name="setup" is-config="true" duration-ms="14803" started-at="2023-02-05T15:55:48 CST" finished-at="2023-02-05T15:56:03 CST">
          <reporter-output>
          </reporter-output>
        </test-method> <!-- setup -->
        <test-method status="PASS" signature="setPage()[pri:0, instance:scripts.CarvanaBasePageTest@5e3a8624]" name="setPage" is-config="true" duration-ms="3" started-at="2023-02-05T15:56:03 CST" finished-at="2023-02-05T15:56:03 CST">
          <reporter-output>
          </reporter-output>
        </test-method> <!-- setPage -->
        <test-method status="PASS" signature="validateMainNavItems()[pri:3, instance:scripts.CarvanaBasePageTest@5e3a8624]" name="validateMainNavItems" duration-ms="30444" started-at="2023-02-05T15:56:03 CST" description="Validate the main navigation section items" finished-at="2023-02-05T15:56:33 CST">
          <reporter-output>
          </reporter-output>
        </test-method> <!-- validateMainNavItems -->
        <test-method status="PASS" signature="teardown()[pri:0, instance:scripts.CarvanaBasePageTest@5e3a8624]" name="teardown" is-config="true" duration-ms="172" started-at="2023-02-05T15:56:33 CST" finished-at="2023-02-05T15:56:33 CST">
          <reporter-output>
          </reporter-output>
        </test-method> <!-- teardown -->
        <test-method status="PASS" signature="setup()[pri:0, instance:scripts.CarvanaBasePageTest@5e3a8624]" name="setup" is-config="true" duration-ms="23083" started-at="2023-02-05T15:56:33 CST" finished-at="2023-02-05T15:56:56 CST">
          <reporter-output>
          </reporter-output>
        </test-method> <!-- setup -->
        <test-method status="PASS" signature="setPage()[pri:0, instance:scripts.CarvanaBasePageTest@5e3a8624]" name="setPage" is-config="true" duration-ms="8" started-at="2023-02-05T15:56:56 CST" finished-at="2023-02-05T15:56:57 CST">
          <reporter-output>
          </reporter-output>
        </test-method> <!-- setPage -->
        <test-method status="PASS" signature="validateSignInErrorMessage()[pri:4, instance:scripts.CarvanaBasePageTest@5e3a8624]" name="validateSignInErrorMessage" duration-ms="8461" started-at="2023-02-05T15:56:57 CST" description="Validate the sign in error message" finished-at="2023-02-05T15:57:05 CST">
          <reporter-output>
          </reporter-output>
        </test-method> <!-- validateSignInErrorMessage -->
        <test-method status="PASS" signature="teardown()[pri:0, instance:scripts.CarvanaBasePageTest@5e3a8624]" name="teardown" is-config="true" duration-ms="155" started-at="2023-02-05T15:57:05 CST" finished-at="2023-02-05T15:57:05 CST">
          <reporter-output>
          </reporter-output>
        </test-method> <!-- teardown -->
        <test-method status="PASS" signature="setup()[pri:0, instance:scripts.CarvanaBasePageTest@5e3a8624]" name="setup" is-config="true" duration-ms="22133" started-at="2023-02-05T15:57:05 CST" finished-at="2023-02-05T15:57:27 CST">
          <reporter-output>
          </reporter-output>
        </test-method> <!-- setup -->
        <test-method status="PASS" signature="setPage()[pri:0, instance:scripts.CarvanaBasePageTest@5e3a8624]" name="setPage" is-config="true" duration-ms="7" started-at="2023-02-05T15:57:27 CST" finished-at="2023-02-05T15:57:27 CST">
          <reporter-output>
          </reporter-output>
        </test-method> <!-- setPage -->
        <test-method status="PASS" signature="validateSearchFilterOptionsAndSearchButton()[pri:5, instance:scripts.CarvanaBasePageTest@5e3a8624]" name="validateSearchFilterOptionsAndSearchButton" duration-ms="17476" started-at="2023-02-05T15:57:27 CST" description="Validate the search filter options and search button" finished-at="2023-02-05T15:57:45 CST">
          <reporter-output>
          </reporter-output>
        </test-method> <!-- validateSearchFilterOptionsAndSearchButton -->
        <test-method status="PASS" signature="teardown()[pri:0, instance:scripts.CarvanaBasePageTest@5e3a8624]" name="teardown" is-config="true" duration-ms="164" started-at="2023-02-05T15:57:45 CST" finished-at="2023-02-05T15:57:45 CST">
          <reporter-output>
          </reporter-output>
        </test-method> <!-- teardown -->
        <test-method status="PASS" signature="setup()[pri:0, instance:scripts.CarvanaBasePageTest@5e3a8624]" name="setup" is-config="true" duration-ms="23120" started-at="2023-02-05T15:57:45 CST" finished-at="2023-02-05T15:58:08 CST">
          <reporter-output>
          </reporter-output>
        </test-method> <!-- setup -->
        <test-method status="PASS" signature="setPage()[pri:0, instance:scripts.CarvanaBasePageTest@5e3a8624]" name="setPage" is-config="true" duration-ms="4" started-at="2023-02-05T15:58:08 CST" finished-at="2023-02-05T15:58:08 CST">
          <reporter-output>
          </reporter-output>
        </test-method> <!-- setPage -->
        <test-method status="PASS" signature="validateSearchResultsTiles()[pri:6, instance:scripts.CarvanaBasePageTest@5e3a8624]" name="validateSearchResultsTiles" duration-ms="32176" started-at="2023-02-05T15:58:08 CST" description="Validate the search result tiles" finished-at="2023-02-05T15:58:40 CST">
          <reporter-output>
          </reporter-output>
        </test-method> <!-- validateSearchResultsTiles -->
        <test-method status="PASS" signature="teardown()[pri:0, instance:scripts.CarvanaBasePageTest@5e3a8624]" name="teardown" is-config="true" duration-ms="182" started-at="2023-02-05T15:58:40 CST" finished-at="2023-02-05T15:58:40 CST">
          <reporter-output>
          </reporter-output>
        </test-method> <!-- teardown -->
      </class> <!-- scripts.CarvanaBasePageTest -->
    </test> <!-- /Users/mihailhariton/IdeaProjects/testng_third_project -->
  </suite> <!-- Regression -->
</testng-results>
